ERROR > An Error Occured.
Traceback (most recent call last):
  File "C:\Users\User\AppData\Local\Programs\Python\Python38-32\lib\site-packages\discord\ext\commands\bot.py", line 596, in _load_from_module_spec
    spec.loader.exec_module(lib)
  File "<frozen importlib._bootstrap_external>", line 779, in exec_module
  File "<frozen importlib._bootstrap_external>", line 916, in get_code
  File "<frozen importlib._bootstrap_external>", line 846, in source_to_code
  File "<frozen importlib._bootstrap>", line 219, in _call_with_frames_removed
  File "c:\Users\User\Desktop\Bot Maker Items\Bot\Bot-Python\commands\music.py", line 289
    r = get(ctx.guild.roles == name="DJ")
            ^
SyntaxError: expression cannot contain assignment, perhaps you meant "=="?

The above exception was the direct cause of the following exception:

Traceback (most recent call last):
  File "<string>", line 5, in <module>
  File "C:\Users\User\AppData\Local\Programs\Python\Python38-32\lib\site-packages\discord\ext\commands\bot.py", line 653, in load_extension
    self._load_from_module_spec(spec, name)
  File "C:\Users\User\AppData\Local\Programs\Python\Python38-32\lib\site-packages\discord\ext\commands\bot.py", line 599, in _load_from_module_spec
    raise errors.ExtensionFailed(key, e) from e
discord.ext.commands.errors.ExtensionFailed: Extension 'commands.music' raised an error: SyntaxError: expression cannot contain assignment, perhaps you meant "=="? (music.py, line 289)
